app/build/intermediates/manifest_merge_blame_file/debug/manifest-merger-blame-debug-report.txt
1<?xml version="1.0" encoding="utf-8"?>
2<manifest xmlns:android="http://schemas.android.com/apk/res/android"
3    package="com.example.pathfinder"
4    android:versionCode="1"
5    android:versionName="1.0" >
6
7    <uses-sdk
8        android:minSdkVersion="16"
8-->src/main/AndroidManifest.xml
9        android:targetSdkVersion="30" />
9-->src/main/AndroidManifest.xml
10
11    <uses-permission android:name="android.permission.WAKE_LOCK" />
11-->src/main/AndroidManifest.xml:27:5-68
11-->src/main/AndroidManifest.xml:27:22-65
12    <uses-permission android:name="android.permission.ACCESS_NETWORK_STATE" />
12-->src/main/AndroidManifest.xml:28:5-79
12-->src/main/AndroidManifest.xml:28:22-76
13    <uses-permission android:name="android.permission.INTERNET" />
13-->src/main/AndroidManifest.xml:29:5-67
13-->src/main/AndroidManifest.xml:29:22-64
14    <uses-permission android:name="android.permission.READ_PHONE_STATE" />
14-->src/main/AndroidManifest.xml:30:5-75
14-->src/main/AndroidManifest.xml:30:22-72
15
16    <application
16-->src/main/AndroidManifest.xml:5:5-25:19
17        android:allowBackup="true"
17-->src/main/AndroidManifest.xml:6:9-35
18        android:appComponentFactory="androidx.core.app.CoreComponentFactory"
18-->[androidx.core:core:1.3.1] AndroidManifest.xml:24:18-86
19        android:debuggable="true"
20        android:icon="@mipmap/ic_launcher"
20-->src/main/AndroidManifest.xml:7:9-43
21        android:label="@string/app_name"
21-->src/main/AndroidManifest.xml:8:9-41
22        android:roundIcon="@mipmap/ic_launcher_round"
22-->src/main/AndroidManifest.xml:9:9-54
23        android:supportsRtl="true"
23-->src/main/AndroidManifest.xml:10:9-35
24        android:testOnly="true"
25        android:theme="@style/Theme.Pathfinder" >
25-->src/main/AndroidManifest.xml:11:9-48
26        <activity
26-->src/main/AndroidManifest.xml:12:9-15:76
27            android:name="com.example.pathfinder.Activities.Dashboard"
27-->src/main/AndroidManifest.xml:13:13-49
28            android:label="@string/title_activity_dashboard"
28-->src/main/AndroidManifest.xml:14:13-61
29            android:theme="@style/Theme.Pathfinder.NoActionBar" />
29-->src/main/AndroidManifest.xml:15:13-64
30        <activity android:name="com.example.pathfinder.Activities.MainActivity" >
30-->src/main/AndroidManifest.xml:16:9-22:20
30-->src/main/AndroidManifest.xml:16:19-58
31            <intent-filter>
31-->src/main/AndroidManifest.xml:17:13-21:29
32                <action android:name="android.intent.action.MAIN" />
32-->src/main/AndroidManifest.xml:18:17-69
32-->src/main/AndroidManifest.xml:18:25-66
33
34                <category android:name="android.intent.category.LAUNCHER" />
34-->src/main/AndroidManifest.xml:20:17-77
34-->src/main/AndroidManifest.xml:20:27-74
35            </intent-filter>
36        </activity>
37
38        <service android:name="org.eclipse.paho.android.service.MqttService" >
38-->src/main/AndroidManifest.xml:23:9-24:19
38-->src/main/AndroidManifest.xml:23:18-77
39        </service>
40    </application>
41
42</manifest>